<?xml version="1.0" encoding="UTF-8"?>
<!-- Generated by org.testng.reporters.JUnitReportReporter -->
<testsuite hostname="KARTHIK" failures="0" tests="4" name="restassured.concepts.ReqResSite" time="7.654" errors="0" timestamp="2020-10-25T17:29:17 IST" skipped="0">
  <testcase classname="restassured.concepts.ReqResSite" name="createUser" time="4.228"/>
  <system-out/>
  <testcase classname="restassured.concepts.ReqResSite" name="singleUserNotFound" time="0.622"/>
  <system-out/>
  <testcase classname="restassured.concepts.ReqResSite" name="singleUser" time="0.628"/>
  <system-out/>
  <testcase classname="restassured.concepts.ReqResSite" name="listUsers" time="2.176"/>
  <system-out/>
</testsuite> <!-- restassured.concepts.ReqResSite -->
